<?xml version="1.0" encoding="UTF-8"?>
<!-- Generated by org.testng.reporters.JUnitReportReporter -->
<testsuite hostname="sam-PC" name="TestNgPack.Wrap_Test" tests="1" failures="0" timestamp="24 Sep 2015 10:54:31 GMT" time="18.141" errors="0">
  <testcase name="Login" time="18.141" classname="TestNgPack.Wrap_Test"/>
</testsuite> <!-- TestNgPack.Wrap_Test -->
