<?xml version="1.0" encoding="UTF-8"?>
<!-- Generated by org.testng.reporters.JUnitReportReporter -->
<testsuite hostname="sam-PC" name="com.gurpreet.project.App" tests="1" failures="0" timestamp="27 Sep 2015 07:19:28 GMT" time="138.540" errors="0">
  <testcase name="open" time="138.540" classname="com.gurpreet.project.App"/>
</testsuite> <!-- com.gurpreet.project.App -->
